17:49:54.557 [main] INFO  api.test.userTest - create test started
17:49:58.191 [main] INFO  api.test.userTest - create test ended
17:49:58.231 [main] INFO  api.test.userTest - get test started
17:49:59.484 [main] INFO  api.test.userTest - get test ended
17:49:59.521 [main] INFO  api.test.userTest - updated test started
17:50:01.976 [main] INFO  api.test.userTest - update test ended
17:50:01.993 [main] INFO  api.test.userTest - delete test started
17:50:03.214 [main] INFO  api.test.userTest - delete test ended
17:50:37.823 [main] INFO  api.test.userTest - create test started
17:50:41.060 [main] INFO  api.test.userTest - create test ended
17:50:41.101 [main] INFO  api.test.userTest - get test started
17:50:42.340 [main] INFO  api.test.userTest - get test ended
17:50:42.379 [main] INFO  api.test.userTest - updated test started
17:50:44.866 [main] INFO  api.test.userTest - update test ended
17:50:44.884 [main] INFO  api.test.userTest - delete test started
17:50:46.119 [main] INFO  api.test.userTest - delete test ended
17:52:23.957 [main] INFO  api.test.userTest - create test started
17:52:27.587 [main] INFO  api.test.userTest - create test ended
17:52:27.625 [main] INFO  api.test.userTest - get test started
17:52:28.842 [main] INFO  api.test.userTest - get test ended
17:52:28.887 [main] INFO  api.test.userTest - updated test started
17:52:31.345 [main] INFO  api.test.userTest - update test ended
17:52:31.363 [main] INFO  api.test.userTest - delete test started
17:52:32.596 [main] INFO  api.test.userTest - delete test ended
18:12:03.274 [main] INFO  api.test.userTest - create test started
18:12:06.436 [main] INFO  api.test.userTest - get test started
18:12:07.724 [main] INFO  api.test.userTest - updated test started
18:12:10.180 [main] INFO  api.test.userTest - update test ended
18:12:10.237 [main] INFO  api.test.userTest - delete test started
18:12:11.465 [main] INFO  api.test.userTest - delete test ended
18:13:38.701 [main] INFO  api.test.userTest - create test started
18:14:37.873 [main] INFO  api.test.userTest - create test started
18:14:41.008 [main] INFO  api.test.userTest - create test ended
18:14:41.047 [main] INFO  api.test.userTest - get test started
18:14:42.306 [main] INFO  api.test.userTest - get test ended
18:14:42.345 [main] INFO  api.test.userTest - updated test started
18:14:44.809 [main] INFO  api.test.userTest - update test ended
18:14:44.823 [main] INFO  api.test.userTest - delete test started
18:14:46.092 [main] INFO  api.test.userTest - delete test ended
19:07:26.937 [main] INFO  api.test.userTest - create test started
19:07:30.178 [main] INFO  api.test.userTest - create test ended
19:07:30.215 [main] INFO  api.test.userTest - get test started
19:07:31.479 [main] INFO  api.test.userTest - get test ended
19:07:31.516 [main] INFO  api.test.userTest - updated test started
19:07:33.966 [main] INFO  api.test.userTest - update test ended
19:07:33.984 [main] INFO  api.test.userTest - delete test started
19:07:35.197 [main] INFO  api.test.userTest - delete test ended
22:02:13.315 [main] INFO  api.test.userTest - create test started
22:02:16.764 [main] INFO  api.test.userTest - create test ended
22:02:16.805 [main] INFO  api.test.userTest - get test started
22:02:18.070 [main] INFO  api.test.userTest - get test ended
22:02:18.106 [main] INFO  api.test.userTest - updated test started
22:02:20.497 [main] INFO  api.test.userTest - update test ended
22:02:20.510 [main] INFO  api.test.userTest - delete test started
22:02:21.715 [main] INFO  api.test.userTest - delete test ended
19:14:08.147 [main] INFO  api.test.userTest - create test started
19:14:15.265 [main] INFO  api.test.userTest - create test ended
19:14:15.277 [main] INFO  api.test.userTest - get test started
19:14:16.626 [main] INFO  api.test.userTest - get test ended
19:14:16.628 [main] INFO  api.test.userTest - updated test started
19:14:19.180 [main] INFO  api.test.userTest - update test ended
19:14:19.182 [main] INFO  api.test.userTest - delete test started
19:14:20.443 [main] INFO  api.test.userTest - delete test ended
20:35:11.341 [main] INFO  api.test.userTest - create test started
20:35:14.480 [main] INFO  api.test.userTest - create test ended
20:35:14.484 [main] INFO  api.test.userTest - get test started
20:35:15.740 [main] INFO  api.test.userTest - get test ended
20:35:15.741 [main] INFO  api.test.userTest - updated test started
20:35:18.174 [main] INFO  api.test.userTest - update test ended
20:35:18.176 [main] INFO  api.test.userTest - delete test started
20:35:19.373 [main] INFO  api.test.userTest - delete test ended
20:44:43.795 [main] INFO  api.test.userTest - create test started
20:44:47.891 [main] INFO  api.test.userTest - create test ended
20:44:47.954 [main] INFO  api.test.userTest - get test started
20:44:49.205 [main] INFO  api.test.userTest - get test ended
20:44:49.231 [main] INFO  api.test.userTest - updated test started
20:44:51.683 [main] INFO  api.test.userTest - update test ended
20:44:51.699 [main] INFO  api.test.userTest - delete test started
20:44:52.914 [main] INFO  api.test.userTest - delete test ended
18:41:26.447 [main] INFO  api.test.userTest - create test started
18:41:29.376 [main] INFO  api.test.userTest - create test ended
18:41:29.405 [main] INFO  api.test.userTest - get test started
18:41:30.850 [main] INFO  api.test.userTest - get test ended
18:41:30.871 [main] INFO  api.test.userTest - updated test started
18:41:33.603 [main] INFO  api.test.userTest - update test ended
18:41:33.617 [main] INFO  api.test.userTest - delete test started
18:41:35.009 [main] INFO  api.test.userTest - delete test ended
18:42:32.207 [main] INFO  api.test.userTest - create test started
18:42:35.142 [main] INFO  api.test.userTest - create test ended
18:42:35.172 [main] INFO  api.test.userTest - get test started
18:42:36.671 [main] INFO  api.test.userTest - get test ended
18:42:36.689 [main] INFO  api.test.userTest - updated test started
18:42:39.370 [main] INFO  api.test.userTest - update test ended
18:42:39.382 [main] INFO  api.test.userTest - delete test started
18:42:40.815 [main] INFO  api.test.userTest - delete test ended
18:45:56.852 [main] INFO  api.test.userTest - create test started
18:45:59.987 [main] INFO  api.test.userTest - create test ended
18:46:00.027 [main] INFO  api.test.userTest - get test started
18:46:01.399 [main] INFO  api.test.userTest - get test ended
18:46:01.432 [main] INFO  api.test.userTest - updated test started
18:46:04.242 [main] INFO  api.test.userTest - update test ended
18:46:04.251 [main] INFO  api.test.userTest - delete test started
18:46:05.693 [main] INFO  api.test.userTest - delete test ended
18:54:08.987 [main] INFO  api.test.userTest - create test started
18:54:12.305 [main] INFO  api.test.userTest - create test ended
18:54:12.341 [main] INFO  api.test.userTest - get test started
18:54:13.693 [main] INFO  api.test.userTest - get test ended
18:54:13.717 [main] INFO  api.test.userTest - updated test started
18:54:16.404 [main] INFO  api.test.userTest - update test ended
18:54:16.434 [main] INFO  api.test.userTest - delete test started
18:54:17.934 [main] INFO  api.test.userTest - delete test ended
10:16:41.113 [main] INFO  api.test.userTest - create test started
10:16:44.611 [main] INFO  api.test.userTest - create test ended
10:16:44.640 [main] INFO  api.test.userTest - get test started
10:16:46.027 [main] INFO  api.test.userTest - get test ended
10:16:46.049 [main] INFO  api.test.userTest - updated test started
10:16:48.846 [main] INFO  api.test.userTest - update test ended
10:16:48.867 [main] INFO  api.test.userTest - delete test started
10:16:50.229 [main] INFO  api.test.userTest - delete test ended
10:22:00.433 [main] INFO  api.test.userTest - create test started
10:22:03.677 [main] INFO  api.test.userTest - create test ended
10:22:03.710 [main] INFO  api.test.userTest - get test started
10:22:05.080 [main] INFO  api.test.userTest - get test ended
10:22:05.103 [main] INFO  api.test.userTest - updated test started
10:22:07.906 [main] INFO  api.test.userTest - update test ended
10:22:07.924 [main] INFO  api.test.userTest - delete test started
10:22:09.296 [main] INFO  api.test.userTest - delete test ended
10:49:41.892 [main] INFO  api.test.userTest - create test started
10:49:46.570 [main] INFO  api.test.userTest - create test ended
10:49:46.632 [main] INFO  api.test.userTest - get test started
10:49:48.059 [main] INFO  api.test.userTest - get test ended
10:49:48.079 [main] INFO  api.test.userTest - updated test started
10:49:50.970 [main] INFO  api.test.userTest - update test ended
10:49:50.993 [main] INFO  api.test.userTest - delete test started
10:49:52.388 [main] INFO  api.test.userTest - delete test ended
11:05:26.483 [main] INFO  api.test.userTest - create test started
11:05:29.597 [main] INFO  api.test.userTest - create test ended
11:05:29.629 [main] INFO  api.test.userTest - get test started
11:05:31.064 [main] INFO  api.test.userTest - get test ended
11:05:31.082 [main] INFO  api.test.userTest - updated test started
11:05:33.848 [main] INFO  api.test.userTest - update test ended
11:05:33.860 [main] INFO  api.test.userTest - delete test started
11:05:35.302 [main] INFO  api.test.userTest - delete test ended
